mode: set
github.com/cseeger-epages/confluence-go-api/internal.go:11.75,12.65 1 1
github.com/cseeger-epages/confluence-go-api/internal.go:16.2,18.16 2 1
github.com/cseeger-epages/confluence-go-api/internal.go:22.2,28.15 6 1
github.com/cseeger-epages/confluence-go-api/internal.go:12.65,14.3 1 1
github.com/cseeger-epages/confluence-go-api/internal.go:18.16,20.3 1 1
github.com/cseeger-epages/confluence-go-api/internal.go:35.27,37.2 1 1
github.com/cseeger-epages/confluence-go-api/internal.go:40.29,41.15 1 0
github.com/cseeger-epages/confluence-go-api/internal.go:41.15,43.3 1 0
github.com/cseeger-epages/confluence-go-api/request.go:14.58,23.16 7 0
github.com/cseeger-epages/confluence-go-api/request.go:26.2,28.25 2 0
github.com/cseeger-epages/confluence-go-api/request.go:51.2,51.68 1 0
github.com/cseeger-epages/confluence-go-api/request.go:23.16,25.3 1 0
github.com/cseeger-epages/confluence-go-api/request.go:29.68,37.17 6 0
github.com/cseeger-epages/confluence-go-api/request.go:40.3,40.18 1 0
github.com/cseeger-epages/confluence-go-api/request.go:41.53,42.18 1 0
github.com/cseeger-epages/confluence-go-api/request.go:43.31,44.50 1 0
github.com/cseeger-epages/confluence-go-api/request.go:45.37,46.70 1 0
github.com/cseeger-epages/confluence-go-api/request.go:47.38,48.67 1 0
github.com/cseeger-epages/confluence-go-api/request.go:37.17,39.4 1 0
github.com/cseeger-epages/confluence-go-api/request.go:56.92,59.14 2 0
github.com/cseeger-epages/confluence-go-api/request.go:67.2,68.16 2 0
github.com/cseeger-epages/confluence-go-api/request.go:72.2,72.17 1 0
github.com/cseeger-epages/confluence-go-api/request.go:76.2,77.16 2 0
github.com/cseeger-epages/confluence-go-api/request.go:81.2,84.16 3 0
github.com/cseeger-epages/confluence-go-api/request.go:88.2,88.22 1 0
github.com/cseeger-epages/confluence-go-api/request.go:59.14,61.17 2 0
github.com/cseeger-epages/confluence-go-api/request.go:64.3,64.39 1 0
github.com/cseeger-epages/confluence-go-api/request.go:61.17,63.4 1 0
github.com/cseeger-epages/confluence-go-api/request.go:68.16,70.3 1 0
github.com/cseeger-epages/confluence-go-api/request.go:72.17,74.3 1 0
github.com/cseeger-epages/confluence-go-api/request.go:77.16,79.3 1 0
github.com/cseeger-epages/confluence-go-api/request.go:84.16,86.3 1 0
github.com/cseeger-epages/confluence-go-api/request.go:92.74,95.16 2 0
github.com/cseeger-epages/confluence-go-api/request.go:99.2,100.16 2 0
github.com/cseeger-epages/confluence-go-api/request.go:104.2,107.16 3 0
github.com/cseeger-epages/confluence-go-api/request.go:111.2,111.19 1 0
github.com/cseeger-epages/confluence-go-api/request.go:95.16,97.3 1 0
github.com/cseeger-epages/confluence-go-api/request.go:100.16,102.3 1 0
github.com/cseeger-epages/confluence-go-api/request.go:107.16,109.3 1 0
github.com/cseeger-epages/confluence-go-api/request.go:115.78,118.16 2 0
github.com/cseeger-epages/confluence-go-api/request.go:122.2,123.16 2 0
github.com/cseeger-epages/confluence-go-api/request.go:127.2,130.16 3 0
github.com/cseeger-epages/confluence-go-api/request.go:134.2,134.21 1 0
github.com/cseeger-epages/confluence-go-api/request.go:118.16,120.3 1 0
github.com/cseeger-epages/confluence-go-api/request.go:123.16,125.3 1 0
github.com/cseeger-epages/confluence-go-api/request.go:130.16,132.3 1 0
github.com/cseeger-epages/confluence-go-api/request.go:138.80,141.16 2 0
github.com/cseeger-epages/confluence-go-api/request.go:145.2,146.16 2 0
github.com/cseeger-epages/confluence-go-api/request.go:150.2,153.16 3 0
github.com/cseeger-epages/confluence-go-api/request.go:157.2,157.22 1 0
github.com/cseeger-epages/confluence-go-api/request.go:141.16,143.3 1 0
github.com/cseeger-epages/confluence-go-api/request.go:146.16,148.3 1 0
github.com/cseeger-epages/confluence-go-api/request.go:153.16,155.3 1 0
github.com/cseeger-epages/confluence-go-api/request.go:161.94,164.19 2 0
github.com/cseeger-epages/confluence-go-api/request.go:172.2,173.16 2 0
github.com/cseeger-epages/confluence-go-api/request.go:177.2,177.17 1 0
github.com/cseeger-epages/confluence-go-api/request.go:181.2,182.16 2 0
github.com/cseeger-epages/confluence-go-api/request.go:186.2,186.16 1 0
github.com/cseeger-epages/confluence-go-api/request.go:197.2,197.23 1 0
github.com/cseeger-epages/confluence-go-api/request.go:164.19,166.17 2 0
github.com/cseeger-epages/confluence-go-api/request.go:169.3,169.39 1 0
github.com/cseeger-epages/confluence-go-api/request.go:166.17,168.4 1 0
github.com/cseeger-epages/confluence-go-api/request.go:173.16,175.3 1 0
github.com/cseeger-epages/confluence-go-api/request.go:177.17,179.3 1 0
github.com/cseeger-epages/confluence-go-api/request.go:182.16,184.3 1 0
github.com/cseeger-epages/confluence-go-api/request.go:186.16,190.17 3 0
github.com/cseeger-epages/confluence-go-api/request.go:194.3,194.17 1 0
github.com/cseeger-epages/confluence-go-api/request.go:190.17,192.4 1 0
github.com/cseeger-epages/confluence-go-api/request.go:201.81,204.16 2 0
github.com/cseeger-epages/confluence-go-api/request.go:208.2,209.16 2 0
github.com/cseeger-epages/confluence-go-api/request.go:212.2,215.16 3 0
github.com/cseeger-epages/confluence-go-api/request.go:219.2,219.23 1 0
github.com/cseeger-epages/confluence-go-api/request.go:204.16,206.3 1 0
github.com/cseeger-epages/confluence-go-api/request.go:209.16,211.3 1 0
github.com/cseeger-epages/confluence-go-api/request.go:215.16,217.3 1 0
github.com/cseeger-epages/confluence-go-api/search.go:9.53,11.2 1 0
github.com/cseeger-epages/confluence-go-api/search.go:14.58,16.16 2 0
github.com/cseeger-epages/confluence-go-api/search.go:19.2,20.39 2 0
github.com/cseeger-epages/confluence-go-api/search.go:16.16,18.3 1 0
github.com/cseeger-epages/confluence-go-api/search.go:24.58,27.21 2 0
github.com/cseeger-epages/confluence-go-api/search.go:30.2,30.28 1 0
github.com/cseeger-epages/confluence-go-api/search.go:33.2,33.41 1 0
github.com/cseeger-epages/confluence-go-api/search.go:36.2,36.22 1 0
github.com/cseeger-epages/confluence-go-api/search.go:39.2,39.22 1 0
github.com/cseeger-epages/confluence-go-api/search.go:42.2,42.14 1 0
github.com/cseeger-epages/confluence-go-api/search.go:27.21,29.3 1 0
github.com/cseeger-epages/confluence-go-api/search.go:30.28,32.3 1 0
github.com/cseeger-epages/confluence-go-api/search.go:33.41,35.3 1 0
github.com/cseeger-epages/confluence-go-api/search.go:36.22,38.3 1 0
github.com/cseeger-epages/confluence-go-api/search.go:39.22,41.3 1 0
github.com/cseeger-epages/confluence-go-api/user.go:9.60,11.2 1 0
github.com/cseeger-epages/confluence-go-api/user.go:14.44,16.16 2 0
github.com/cseeger-epages/confluence-go-api/user.go:19.2,19.37 1 0
github.com/cseeger-epages/confluence-go-api/user.go:16.16,18.3 1 0
github.com/cseeger-epages/confluence-go-api/user.go:23.46,25.16 2 0
github.com/cseeger-epages/confluence-go-api/user.go:28.2,28.37 1 0
github.com/cseeger-epages/confluence-go-api/user.go:25.16,27.3 1 0
github.com/cseeger-epages/confluence-go-api/user.go:33.49,35.16 2 0
github.com/cseeger-epages/confluence-go-api/user.go:38.2,39.34 2 0
github.com/cseeger-epages/confluence-go-api/user.go:45.2,46.37 2 0
github.com/cseeger-epages/confluence-go-api/user.go:35.16,37.3 1 0
github.com/cseeger-epages/confluence-go-api/user.go:39.34,41.3 1 0
github.com/cseeger-epages/confluence-go-api/user.go:41.8,43.3 1 0
github.com/cseeger-epages/confluence-go-api/auth.go:8.39,10.2 1 1
github.com/cseeger-epages/confluence-go-api/content.go:10.65,12.2 1 1
github.com/cseeger-epages/confluence-go-api/content.go:15.54,17.2 1 1
github.com/cseeger-epages/confluence-go-api/content.go:20.78,22.2 1 1
github.com/cseeger-epages/confluence-go-api/content.go:25.80,27.2 1 1
github.com/cseeger-epages/confluence-go-api/content.go:30.59,32.16 2 0
github.com/cseeger-epages/confluence-go-api/content.go:35.2,35.45 1 0
github.com/cseeger-epages/confluence-go-api/content.go:32.16,34.3 1 0
github.com/cseeger-epages/confluence-go-api/content.go:39.63,41.16 2 0
github.com/cseeger-epages/confluence-go-api/content.go:44.2,45.39 2 0
github.com/cseeger-epages/confluence-go-api/content.go:41.16,43.3 1 0
github.com/cseeger-epages/confluence-go-api/content.go:49.57,51.16 2 0
github.com/cseeger-epages/confluence-go-api/content.go:54.2,54.39 1 0
github.com/cseeger-epages/confluence-go-api/content.go:51.16,53.3 1 0
github.com/cseeger-epages/confluence-go-api/content.go:58.55,60.16 2 0
github.com/cseeger-epages/confluence-go-api/content.go:63.2,63.39 1 0
github.com/cseeger-epages/confluence-go-api/content.go:60.16,62.3 1 0
github.com/cseeger-epages/confluence-go-api/content.go:67.58,69.16 2 0
github.com/cseeger-epages/confluence-go-api/content.go:72.2,72.39 1 0
github.com/cseeger-epages/confluence-go-api/content.go:69.16,71.3 1 0
github.com/cseeger-epages/confluence-go-api/content.go:76.55,78.16 2 0
github.com/cseeger-epages/confluence-go-api/content.go:81.2,81.40 1 0
github.com/cseeger-epages/confluence-go-api/content.go:78.16,80.3 1 0
github.com/cseeger-epages/confluence-go-api/content.go:85.53,87.16 2 0
github.com/cseeger-epages/confluence-go-api/content.go:90.2,90.43 1 0
github.com/cseeger-epages/confluence-go-api/content.go:87.16,89.3 1 0
github.com/cseeger-epages/confluence-go-api/content.go:94.70,96.16 2 0
github.com/cseeger-epages/confluence-go-api/content.go:99.2,99.47 1 0
github.com/cseeger-epages/confluence-go-api/content.go:96.16,98.3 1 0
github.com/cseeger-epages/confluence-go-api/content.go:103.68,105.16 2 0
github.com/cseeger-epages/confluence-go-api/content.go:108.2,108.46 1 0
github.com/cseeger-epages/confluence-go-api/content.go:105.16,107.3 1 0
github.com/cseeger-epages/confluence-go-api/content.go:112.57,114.16 2 0
github.com/cseeger-epages/confluence-go-api/content.go:117.2,117.40 1 0
github.com/cseeger-epages/confluence-go-api/content.go:114.16,116.3 1 0
github.com/cseeger-epages/confluence-go-api/content.go:121.59,123.16 2 0
github.com/cseeger-epages/confluence-go-api/content.go:126.2,126.44 1 0
github.com/cseeger-epages/confluence-go-api/content.go:123.16,125.3 1 0
github.com/cseeger-epages/confluence-go-api/content.go:130.59,132.16 2 0
github.com/cseeger-epages/confluence-go-api/content.go:135.2,135.43 1 0
github.com/cseeger-epages/confluence-go-api/content.go:132.16,134.3 1 0
github.com/cseeger-epages/confluence-go-api/content.go:139.55,141.16 2 0
github.com/cseeger-epages/confluence-go-api/content.go:144.2,144.48 1 0
github.com/cseeger-epages/confluence-go-api/content.go:141.16,143.3 1 0
github.com/cseeger-epages/confluence-go-api/content.go:148.60,151.28 2 0
github.com/cseeger-epages/confluence-go-api/content.go:154.2,154.22 1 0
github.com/cseeger-epages/confluence-go-api/content.go:157.2,157.25 1 0
github.com/cseeger-epages/confluence-go-api/content.go:160.2,160.28 1 0
github.com/cseeger-epages/confluence-go-api/content.go:163.2,163.26 1 0
github.com/cseeger-epages/confluence-go-api/content.go:166.2,166.22 1 0
github.com/cseeger-epages/confluence-go-api/content.go:169.2,169.24 1 0
github.com/cseeger-epages/confluence-go-api/content.go:172.2,172.23 1 0
github.com/cseeger-epages/confluence-go-api/content.go:175.2,175.25 1 0
github.com/cseeger-epages/confluence-go-api/content.go:178.2,178.22 1 0
github.com/cseeger-epages/confluence-go-api/content.go:181.2,181.14 1 0
github.com/cseeger-epages/confluence-go-api/content.go:151.28,153.3 1 0
github.com/cseeger-epages/confluence-go-api/content.go:154.22,156.3 1 0
github.com/cseeger-epages/confluence-go-api/content.go:157.25,159.3 1 0
github.com/cseeger-epages/confluence-go-api/content.go:160.28,162.3 1 0
github.com/cseeger-epages/confluence-go-api/content.go:163.26,165.3 1 0
github.com/cseeger-epages/confluence-go-api/content.go:166.22,168.3 1 0
github.com/cseeger-epages/confluence-go-api/content.go:169.24,171.3 1 0
github.com/cseeger-epages/confluence-go-api/content.go:172.23,174.3 1 0
github.com/cseeger-epages/confluence-go-api/content.go:175.25,177.3 1 0
github.com/cseeger-epages/confluence-go-api/content.go:178.22,180.3 1 0
